

var config = require('./config');

var path = require('path');
var express = require('express');
require('./middlewares/mongoose_log'); // 打印 mongodb 查询日志
require('./models');
var webRouter = require('./web_router');
var errorPageMiddleware = require('./middlewares/error_page');

var errorhandler = require('errorhandler');
var requestLog = require('./middlewares/request_log');
var logger = require('./common/logger');

var urlinfo = require('url').parse(config.host);
config.hostname = urlinfo.hostname || config.host;

// 静态文件目录
var staticDir = path.join(__dirname, 'public');

var app = express();


// Request logger。请求时间
app.use(requestLog);


// 静态资源
app.use('/public', express.static(staticDir));

app.use(errorPageMiddleware.errorPage);

app.use('/', webRouter);

// error handler
if (config.debug) {
  app.use(errorhandler());
} else {
  app.use(function (err, req, res, next) {
    logger.error(err);
    return res.status(500).send('500 status');
  });
}

if (!module.parent) {
  app.listen(config.port, function () {
    logger.info('Aristotle listening on port', config.port);
    logger.info('You can debug your app with http://' + config.hostname + ':' + config.port);
  });
}

module.exports = app;
[2016-10-30 13:25:45.316] [INFO] cheese - Aristotle listening on port 3000
[2016-10-30 13:25:45.319] [INFO] cheese - You can debug your app with http://localhost:3000
[2016-10-30 13:26:23.240] [INFO] cheese - 

Started 2016-10-30T05:26:23.239Z GET / ::1
[2016-10-30 13:26:23.249] [INFO] cheese - Completed 500 undefined
[2016-10-30 13:26:23.381] [INFO] cheese - 

Started 2016-10-30T05:26:23.381Z GET /favicon.ico ::1
[2016-10-30 13:26:23.385] [INFO] cheese - Completed 404 undefined
[2016-10-30 13:27:14.260] [INFO] cheese - 

Started 2016-10-30T05:27:14.260Z GET / ::1
[2016-10-30 13:27:14.262] [INFO] cheese - Completed 500 undefined
[2016-10-30 13:28:14.167] [INFO] cheese - Aristotle listening on port 3000
[2016-10-30 13:28:14.170] [INFO] cheese - You can debug your app with http://localhost:3000
[2016-10-30 13:28:19.328] [INFO] cheese - 

Started 2016-10-30T05:28:19.328Z GET / ::1
[2016-10-30 13:28:19.340] [INFO] cheese - Completed 500 undefined
[2016-10-30 13:29:28.905] [INFO] cheese - 

Started 2016-10-30T05:29:28.905Z GET / ::1
[2016-10-30 13:29:28.908] [INFO] cheese - Completed 500 undefined
[2016-10-30 13:29:29.792] [INFO] cheese - 

Started 2016-10-30T05:29:29.792Z GET / ::1
[2016-10-30 13:29:29.794] [INFO] cheese - Completed 500 undefined
[2016-10-30 13:29:30.142] [INFO] cheese - 

Started 2016-10-30T05:29:30.142Z GET / ::1
[2016-10-30 13:29:30.144] [INFO] cheese - Completed 500 undefined
[2016-10-30 13:29:30.434] [INFO] cheese - 

Started 2016-10-30T05:29:30.434Z GET / ::1
[2016-10-30 13:29:30.437] [INFO] cheese - Completed 500 undefined
[2016-10-30 13:30:22.848] [INFO] cheese - Aristotle listening on port 3000
[2016-10-30 13:30:22.850] [INFO] cheese - You can debug your app with http://localhost:3000
[2016-10-30 13:30:25.804] [INFO] cheese - 

Started 2016-10-30T05:30:25.804Z GET / ::1
[2016-10-30 13:31:18.613] [INFO] cheese - Aristotle listening on port 3000
[2016-10-30 13:31:18.615] [INFO] cheese - You can debug your app with http://localhost:3000
[2016-10-30 13:31:20.858] [INFO] cheese - 

Started 2016-10-30T05:31:20.856Z GET / ::1
[2016-10-30 13:31:20.867] [INFO] cheese - Completed 500 undefined
[2016-10-30 13:31:54.596] [INFO] cheese - 

Started 2016-10-30T05:31:54.596Z GET / ::1
[2016-10-30 13:31:54.599] [INFO] cheese - Completed 500 undefined
[2016-10-30 13:31:57.321] [INFO] cheese - 

Started 2016-10-30T05:31:57.321Z GET / ::1
[2016-10-30 13:31:57.323] [INFO] cheese - Completed 500 undefined
[2016-10-30 13:32:07.638] [INFO] cheese - Aristotle listening on port 3000
[2016-10-30 13:32:07.641] [INFO] cheese - You can debug your app with http://localhost:3000
[2016-10-30 13:32:09.754] [INFO] cheese - 

Started 2016-10-30T05:32:09.754Z GET / ::1
[2016-10-30 13:32:09.764] [INFO] cheese - Completed 500 undefined
[2016-10-30 13:35:39.073] [INFO] cheese - 

Started 2016-10-30T05:35:39.073Z GET / ::1
[2016-10-30 13:35:39.076] [INFO] cheese - Completed 500 undefined
[2016-10-30 13:35:40.229] [INFO] cheese - 

Started 2016-10-30T05:35:40.229Z GET / ::1
[2016-10-30 13:35:40.231] [INFO] cheese - Completed 500 undefined
[2016-10-30 13:35:40.554] [INFO] cheese - 

Started 2016-10-30T05:35:40.554Z GET / ::1
[2016-10-30 13:35:40.556] [INFO] cheese - Completed 500 undefined
[2016-10-30 13:35:40.868] [INFO] cheese - 

Started 2016-10-30T05:35:40.868Z GET / ::1
[2016-10-30 13:35:40.871] [INFO] cheese - Completed 500 undefined
[2016-10-30 14:00:11.231] [INFO] cheese - Aristotle listening on port 3000
[2016-10-30 14:00:11.234] [INFO] cheese - You can debug your app with http://localhost:3000
[2016-10-30 14:00:40.739] [INFO] cheese - 

Started 2016-10-30T06:00:40.738Z GET /signin ::1
[2016-10-30 14:00:40.748] [INFO] cheese - Completed 500 undefined
[2016-10-30 14:02:43.982] [INFO] cheese - Aristotle listening on port 3000
[2016-10-30 14:02:43.985] [INFO] cheese - You can debug your app with http://localhost:3000
[2016-10-30 14:02:48.322] [INFO] cheese - 

Started 2016-10-30T06:02:48.321Z GET /signin ::1
[2016-10-30 14:02:48.335] [INFO] cheese - Completed 500 undefined
[2016-10-30 14:17:15.000] [INFO] cheese - Aristotle listening on port 3000
[2016-10-30 14:17:15.003] [INFO] cheese - You can debug your app with http://localhost:3000
[2016-10-30 14:17:19.691] [INFO] cheese - 

Started 2016-10-30T06:17:19.691Z GET /signin ::1
[2016-10-30 14:17:19.706] [INFO] cheese - Completed 500 undefined
[2016-10-30 14:17:52.837] [INFO] cheese - Aristotle listening on port 3000
[2016-10-30 14:17:52.840] [INFO] cheese - You can debug your app with http://localhost:3000
[2016-10-30 14:17:55.703] [INFO] cheese - 

Started 2016-10-30T06:17:55.703Z GET /signin ::1
[2016-10-30 14:17:55.716] [INFO] cheese - Completed 500 undefined
[2016-10-30 14:18:55.293] [INFO] cheese - Aristotle listening on port 3000
[2016-10-30 14:18:55.297] [INFO] cheese - You can debug your app with http://localhost:3000
[2016-10-30 14:18:58.065] [INFO] cheese - 

Started 2016-10-30T06:18:58.064Z GET /signin ::1
[2016-10-30 14:18:58.084] [INFO] cheese - Completed 500 undefined
[2016-10-30 14:27:42.552] [INFO] cheese - Aristotle listening on port 3000
[2016-10-30 14:27:42.555] [INFO] cheese - You can debug your app with http://localhost:3000
[2016-10-30 14:27:49.026] [INFO] cheese - 

Started 2016-10-30T06:27:49.026Z GET /signin ::1
[2016-10-30 14:27:49.040] [INFO] cheese - Completed 500 undefined
[2016-10-30 14:28:52.178] [INFO] cheese - Aristotle listening on port 3000
[2016-10-30 14:28:52.181] [INFO] cheese - You can debug your app with http://localhost:3000
[2016-10-30 14:28:55.265] [INFO] cheese - 

Started 2016-10-30T06:28:55.264Z GET /signin ::1
[2016-10-30 14:28:55.274] [INFO] cheese - Completed 404 undefined
[2016-10-30 14:30:15.470] [INFO] cheese - 

Started 2016-10-30T06:30:15.470Z GET /signin ::1
[2016-10-30 14:30:15.471] [INFO] cheese - Completed 404 undefined
[2016-10-30 14:30:17.221] [INFO] cheese - 

Started 2016-10-30T06:30:17.221Z GET /signin ::1
[2016-10-30 14:30:17.223] [INFO] cheese - Completed 404 undefined
[2016-10-30 14:30:17.899] [INFO] cheese - 

Started 2016-10-30T06:30:17.899Z GET /signin ::1
[2016-10-30 14:30:17.900] [INFO] cheese - Completed 404 undefined
[2016-10-30 14:30:28.412] [INFO] cheese - 

Started 2016-10-30T06:30:28.412Z GET / ::1
[2016-10-30 14:30:28.416] [INFO] cheese - Completed 302 undefined
[2016-10-30 14:30:28.419] [INFO] cheese - 

Started 2016-10-30T06:30:28.419Z GET /signup ::1
[2016-10-30 14:30:28.432] [INFO] cheese - Completed 500 undefined
[2016-10-30 14:30:42.303] [INFO] cheese - 

Started 2016-10-30T06:30:42.303Z GET / ::1
[2016-10-30 14:30:42.304] [INFO] cheese - Completed 302 undefined
[2016-10-30 14:30:42.306] [INFO] cheese - 

Started 2016-10-30T06:30:42.306Z GET /signup ::1
[2016-10-30 14:30:42.312] [INFO] cheese - Completed 500 undefined
[2016-10-30 14:32:05.880] [INFO] cheese - 

Started 2016-10-30T06:32:05.880Z GET /signup ::1
[2016-10-30 14:32:05.882] [INFO] cheese - Completed 500 undefined
[2016-10-30 14:32:12.741] [INFO] cheese - 

Started 2016-10-30T06:32:12.741Z GET / ::1
[2016-10-30 14:32:12.741] [INFO] cheese - Completed 302 undefined
[2016-10-30 14:32:12.743] [INFO] cheese - 

Started 2016-10-30T06:32:12.743Z GET /signup ::1
[2016-10-30 14:32:12.749] [INFO] cheese - Completed 500 undefined
[2016-10-30 14:32:26.652] [INFO] cheese - Aristotle listening on port 3000
[2016-10-30 14:32:26.655] [INFO] cheese - You can debug your app with http://localhost:3000
[2016-10-30 14:32:29.233] [INFO] cheese - 

Started 2016-10-30T06:32:29.233Z GET /signup ::1
[2016-10-30 14:32:29.253] [INFO] cheese - Completed 500 undefined
[2016-10-30 14:32:31.250] [INFO] cheese - 

Started 2016-10-30T06:32:31.250Z GET /signup ::1
[2016-10-30 14:32:31.258] [INFO] cheese - Completed 500 undefined
[2016-10-30 14:32:32.045] [INFO] cheese - 

Started 2016-10-30T06:32:32.045Z GET /signup ::1
[2016-10-30 14:32:32.049] [INFO] cheese - Completed 500 undefined
[2016-10-30 14:32:32.979] [INFO] cheese - 

Started 2016-10-30T06:32:32.979Z GET /signup ::1
[2016-10-30 14:32:32.981] [INFO] cheese - Completed 500 undefined
[2016-10-30 14:32:36.472] [INFO] cheese - 

Started 2016-10-30T06:32:36.472Z GET / ::1
[2016-10-30 14:32:36.476] [INFO] cheese - Completed 302 undefined
[2016-10-30 14:32:36.824] [INFO] cheese - 

Started 2016-10-30T06:32:36.824Z GET / ::1
[2016-10-30 14:32:36.825] [INFO] cheese - Completed 302 undefined
[2016-10-30 14:32:36.827] [INFO] cheese - 

Started 2016-10-30T06:32:36.827Z GET /signup ::1
[2016-10-30 14:32:36.829] [INFO] cheese - Completed 500 undefined
[2016-10-30 14:32:53.255] [INFO] cheese - 

Started 2016-10-30T06:32:53.255Z GET /signup ::1
[2016-10-30 14:32:53.259] [INFO] cheese - Completed 500 undefined
[2016-10-30 14:41:15.534] [INFO] cheese - Aristotle listening on port 3000
[2016-10-30 14:41:15.537] [INFO] cheese - You can debug your app with http://localhost:3000
[2016-10-30 14:41:18.622] [INFO] cheese - 

Started 2016-10-30T06:41:18.621Z GET /signup ::1
[2016-10-30 14:41:18.643] [INFO] cheese - Completed 500 undefined
[2016-10-30 14:43:17.411] [INFO] cheese - Aristotle listening on port 3000
[2016-10-30 14:43:17.414] [INFO] cheese - You can debug your app with http://localhost:3000
[2016-10-30 14:43:22.685] [INFO] cheese - 

Started 2016-10-30T06:43:22.685Z GET /signup ::1
[2016-10-30 14:43:22.701] [INFO] cheese - Completed 200 undefined
[2016-10-30 15:03:56.687] [INFO] cheese - 

Started 2016-10-30T07:03:56.687Z GET /signup ::1
[2016-10-30 15:03:56.696] [INFO] cheese - Completed 200 undefined
[2016-10-30 15:03:58.915] [INFO] cheese - 

Started 2016-10-30T07:03:58.915Z GET / ::1
[2016-10-30 15:03:58.921] [INFO] cheese - Completed 302 undefined
[2016-10-30 15:03:58.924] [INFO] cheese - 

Started 2016-10-30T07:03:58.924Z GET /signup ::1
[2016-10-30 15:03:58.931] [INFO] cheese - Completed 304 undefined
[2016-10-30 15:04:02.534] [INFO] cheese - 

Started 2016-10-30T07:04:02.534Z GET / ::1
[2016-10-30 15:04:02.538] [INFO] cheese - Completed 302 undefined
[2016-10-30 15:04:02.540] [INFO] cheese - 

Started 2016-10-30T07:04:02.540Z GET /signup ::1
[2016-10-30 15:04:02.542] [INFO] cheese - Completed 304 undefined
[2016-10-30 15:04:04.878] [INFO] cheese - 

Started 2016-10-30T07:04:04.878Z GET / ::1
[2016-10-30 15:04:04.879] [INFO] cheese - Completed 302 undefined
[2016-10-30 15:04:04.882] [INFO] cheese - 

Started 2016-10-30T07:04:04.882Z GET /signup ::1
[2016-10-30 15:04:04.886] [INFO] cheese - Completed 304 undefined
[2016-10-30 19:45:47.484] [INFO] cheese - Aristotle listening on port 3000
[2016-10-30 19:45:47.487] [INFO] cheese - You can debug your app with http://localhost:3000
[2016-10-30 19:46:18.546] [INFO] cheese - 

Started 2016-10-30T11:46:18.546Z GET / ::1
[2016-10-30 19:46:18.554] [INFO] cheese - Completed 302 undefined
[2016-10-30 19:46:18.557] [INFO] cheese - 

Started 2016-10-30T11:46:18.557Z GET /signup ::1
[2016-10-30 19:46:18.567] [INFO] cheese - Completed 200 undefined
[2016-10-30 19:46:24.236] [INFO] cheese - 

Started 2016-10-30T11:46:24.236Z GET /login ::1
[2016-10-30 19:46:24.241] [INFO] cheese - Completed 404 undefined
[2016-10-30 19:48:39.163] [INFO] cheese - 

Started 2016-10-30T11:48:39.163Z GET /signup ::1
[2016-10-30 19:48:39.169] [INFO] cheese - Completed 200 undefined
[2016-10-30 19:48:41.472] [INFO] cheese - 

Started 2016-10-30T11:48:41.472Z POST /signup ::1
[2016-10-30 19:48:41.478] [INFO] cheese - Completed 500 undefined
[2016-10-30 20:01:06.754] [INFO] cheese - 

Started 2016-10-30T12:01:06.753Z GET /signup ::1
[2016-10-30 20:01:06.758] [INFO] cheese - Completed 200 undefined
[2016-10-30 20:01:14.418] [INFO] cheese - 

Started 2016-10-30T12:01:14.418Z GET /auth/github ::1
[2016-10-30 20:01:14.419] [INFO] cheese - Completed 404 undefined
[2016-10-30 20:12:24.105] [INFO] cheese - 

Started 2016-10-30T12:12:24.105Z GET /signup ::1
[2016-10-30 20:12:24.112] [INFO] cheese - Completed 200 undefined
[2016-10-30 20:17:32.374] [INFO] cheese - 

Started 2016-10-30T12:17:32.374Z GET /signup ::1
[2016-10-30 20:17:32.382] [INFO] cheese - Completed 200 undefined
[2016-10-30 20:17:49.062] [INFO] cheese - 

Started 2016-10-30T12:17:49.062Z POST /signup ::1
[2016-10-30 20:17:49.065] [INFO] cheese - Completed 500 undefined
[2016-10-30 20:24:11.155] [INFO] cheese - 

Started 2016-10-30T12:24:11.155Z GET /signup ::1
[2016-10-30 20:24:11.157] [INFO] cheese - Completed 200 undefined
[2016-10-30 20:25:09.808] [INFO] cheese - 

Started 2016-10-30T12:25:09.808Z GET /signup ::1
[2016-10-30 20:25:09.810] [INFO] cheese - Completed 200 undefined
[2016-10-30 20:25:11.436] [INFO] cheese - 

Started 2016-10-30T12:25:11.436Z GET /signup ::1
[2016-10-30 20:25:11.438] [INFO] cheese - Completed 304 undefined
[2016-10-30 20:25:21.504] [INFO] cheese - 

Started 2016-10-30T12:25:21.504Z GET /signup ::1
[2016-10-30 20:25:21.508] [INFO] cheese - Completed 200 undefined
[2016-10-30 20:25:22.985] [INFO] cheese - 

Started 2016-10-30T12:25:22.985Z GET /signup ::1
[2016-10-30 20:25:22.986] [INFO] cheese - Completed 304 undefined
[2016-10-30 20:25:36.388] [INFO] cheese - 

Started 2016-10-30T12:25:36.387Z GET /signup ::1
[2016-10-30 20:25:36.389] [INFO] cheese - Completed 200 undefined
[2016-10-30 20:28:06.761] [INFO] cheese - 

Started 2016-10-30T12:28:06.761Z GET /signup ::1
[2016-10-30 20:28:06.763] [INFO] cheese - Completed 200 undefined
[2016-10-30 20:28:27.133] [INFO] cheese - 

Started 2016-10-30T12:28:27.132Z POST /signup ::1
[2016-10-30 20:28:27.134] [INFO] cheese - Completed 500 undefined
[2016-10-30 20:34:32.784] [INFO] cheese - 

Started 2016-10-30T12:34:32.784Z POST /signup ::1
[2016-10-30 20:34:32.786] [INFO] cheese - Completed 500 undefined
[2016-10-30 20:34:37.074] [INFO] cheese - 

Started 2016-10-30T12:34:37.074Z GET / ::1
[2016-10-30 20:34:37.075] [INFO] cheese - Completed 302 undefined
[2016-10-30 20:34:37.621] [INFO] cheese - 

Started 2016-10-30T12:34:37.621Z GET / ::1
[2016-10-30 20:34:37.622] [INFO] cheese - Completed 302 undefined
[2016-10-30 20:34:37.624] [INFO] cheese - 

Started 2016-10-30T12:34:37.624Z GET /signup ::1
[2016-10-30 20:34:37.626] [INFO] cheese - Completed 304 undefined
[2016-10-30 20:34:39.564] [INFO] cheese - 

Started 2016-10-30T12:34:39.564Z POST /signup ::1
[2016-10-30 20:34:39.566] [INFO] cheese - Completed 500 undefined
[2016-10-30 20:34:57.954] [INFO] cheese - Aristotle listening on port 3000
[2016-10-30 20:34:57.957] [INFO] cheese - You can debug your app with http://localhost:3000
[2016-10-30 20:35:13.374] [INFO] cheese - 

Started 2016-10-30T12:35:13.374Z GET / ::1
[2016-10-30 20:35:13.381] [INFO] cheese - Completed 302 undefined
[2016-10-30 20:35:13.384] [INFO] cheese - 

Started 2016-10-30T12:35:13.384Z GET /signup ::1
[2016-10-30 20:35:13.389] [INFO] cheese - Completed 404 undefined
[2016-10-30 20:35:18.002] [INFO] cheese - 

Started 2016-10-30T12:35:18.002Z GET / ::1
[2016-10-30 20:35:18.004] [INFO] cheese - Completed 302 undefined
[2016-10-30 20:35:18.710] [INFO] cheese - 

Started 2016-10-30T12:35:18.710Z GET / ::1
[2016-10-30 20:35:18.711] [INFO] cheese - Completed 302 undefined
[2016-10-30 20:35:18.715] [INFO] cheese - 

Started 2016-10-30T12:35:18.714Z GET /signup ::1
[2016-10-30 20:35:18.718] [INFO] cheese - Completed 404 undefined
[2016-10-30 20:35:23.019] [INFO] cheese - 

Started 2016-10-30T12:35:23.019Z GET / ::1
[2016-10-30 20:35:23.021] [INFO] cheese - Completed 302 undefined
[2016-10-30 20:35:23.023] [INFO] cheese - 

Started 2016-10-30T12:35:23.023Z GET /signup ::1
[2016-10-30 20:35:23.024] [INFO] cheese - Completed 404 undefined
[2016-10-30 20:36:51.453] [INFO] cheese - 

Started 2016-10-30T12:36:51.453Z GET /signup ::1
[2016-10-30 20:36:51.453] [INFO] cheese - Completed 404 undefined
[2016-10-30 20:37:05.451] [INFO] cheese - Aristotle listening on port 3000
[2016-10-30 20:37:05.454] [INFO] cheese - You can debug your app with http://localhost:3000
[2016-10-30 20:37:10.812] [INFO] cheese - 

Started 2016-10-30T12:37:10.812Z GET / ::1
[2016-10-30 20:37:10.819] [INFO] cheese - Completed 302 undefined
[2016-10-30 20:37:10.822] [INFO] cheese - 

Started 2016-10-30T12:37:10.822Z GET /signup ::1
[2016-10-30 20:37:10.831] [INFO] cheese - Completed 200 undefined
[2016-10-30 20:37:24.756] [INFO] cheese - 

Started 2016-10-30T12:37:24.755Z POST /signup ::1
[2016-10-30 20:37:24.760] [INFO] cheese - Completed 500 undefined
[2016-10-30 20:40:23.246] [INFO] cheese - Aristotle listening on port 3000
[2016-10-30 20:40:23.248] [INFO] cheese - You can debug your app with http://localhost:3000
[2016-10-30 20:40:32.627] [INFO] cheese - 

Started 2016-10-30T12:40:32.626Z GET / ::1
[2016-10-30 20:40:32.635] [INFO] cheese - Completed 302 undefined
[2016-10-30 20:40:32.637] [INFO] cheese - 

Started 2016-10-30T12:40:32.637Z GET /signup ::1
[2016-10-30 20:40:32.651] [INFO] cheese - Completed 304 undefined
[2016-10-30 20:40:42.866] [INFO] cheese - 

Started 2016-10-30T12:40:42.866Z POST /signup ::1
[2016-10-30 20:40:42.872] [INFO] cheese - Completed 500 undefined
[2016-10-30 20:41:52.880] [INFO] cheese - Aristotle listening on port 3000
[2016-10-30 20:41:52.882] [INFO] cheese - You can debug your app with http://localhost:3000
[2016-10-30 20:41:59.850] [INFO] cheese - 

Started 2016-10-30T12:41:59.849Z POST /signup ::1
[2016-10-30 20:41:59.851] [INFO] cheese - body isundefined
[2016-10-30 20:41:59.860] [INFO] cheese - Completed 500 undefined
[2016-10-30 20:42:07.300] [INFO] cheese - 

Started 2016-10-30T12:42:07.300Z GET / ::1
[2016-10-30 20:42:07.305] [INFO] cheese - Completed 302 undefined
[2016-10-30 20:42:07.308] [INFO] cheese - 

Started 2016-10-30T12:42:07.308Z GET /signup ::1
[2016-10-30 20:42:07.317] [INFO] cheese - Completed 304 undefined
[2016-10-30 20:42:16.656] [INFO] cheese - 

Started 2016-10-30T12:42:16.656Z POST /signup ::1
[2016-10-30 20:42:16.657] [INFO] cheese - body isundefined
[2016-10-30 20:42:16.658] [INFO] cheese - Completed 500 undefined
[2016-10-30 20:54:07.050] [INFO] cheese - 

Started 2016-10-30T12:54:07.050Z GET / ::1
[2016-10-30 20:54:07.051] [INFO] cheese - Completed 302 undefined
[2016-10-30 20:54:07.055] [INFO] cheese - 

Started 2016-10-30T12:54:07.055Z GET /signup ::1
[2016-10-30 20:54:07.063] [INFO] cheese - Completed 304 undefined
[2016-10-30 20:55:14.718] [INFO] cheese - 

Started 2016-10-30T12:55:14.718Z GET /signup ::1
[2016-10-30 20:55:14.724] [INFO] cheese - Completed 500 undefined
[2016-10-30 20:57:08.139] [INFO] cheese - 

Started 2016-10-30T12:57:08.138Z GET /signup ::1
[2016-10-30 20:57:08.140] [INFO] cheese - Completed 200 undefined
[2016-10-30 20:57:10.404] [INFO] cheese - 

Started 2016-10-30T12:57:10.404Z POST /signup ::1
[2016-10-30 20:57:10.404] [INFO] cheese - body isundefined
[2016-10-30 20:57:10.406] [INFO] cheese - Completed 500 undefined
[2016-10-30 20:57:49.830] [INFO] cheese - Aristotle listening on port 3000
[2016-10-30 20:57:49.833] [INFO] cheese - You can debug your app with http://localhost:3000
[2016-10-30 20:57:57.715] [INFO] cheese - 

Started 2016-10-30T12:57:57.715Z GET / ::1
[2016-10-30 20:57:57.724] [INFO] cheese - Completed 302 undefined
[2016-10-30 20:57:57.727] [INFO] cheese - 

Started 2016-10-30T12:57:57.727Z GET /signup ::1
[2016-10-30 20:57:57.737] [INFO] cheese - Completed 304 undefined
[2016-10-30 20:58:00.409] [INFO] cheese - 

Started 2016-10-30T12:58:00.409Z POST /signup ::1
[2016-10-30 20:58:00.411] [INFO] cheese - body isundefined
[2016-10-30 20:59:32.706] [INFO] cheese - Aristotle listening on port 3000
[2016-10-30 20:59:32.709] [INFO] cheese - You can debug your app with http://localhost:3000
[2016-10-30 20:59:40.571] [INFO] cheese - 

Started 2016-10-30T12:59:40.571Z GET / ::1
[2016-10-30 20:59:40.580] [INFO] cheese - Completed 302 undefined
[2016-10-30 20:59:40.584] [INFO] cheese - 

Started 2016-10-30T12:59:40.583Z GET /signup ::1
[2016-10-30 20:59:40.594] [INFO] cheese - Completed 304 undefined
[2016-10-30 20:59:42.838] [INFO] cheese - 

Started 2016-10-30T12:59:42.838Z POST /signup ::1
[2016-10-30 20:59:42.840] [INFO] cheese - body is[object Object]
[2016-10-30 20:59:42.845] [INFO] cheese - Completed 500 undefined
[2016-10-30 21:00:04.195] [INFO] cheese - Aristotle listening on port 3000
[2016-10-30 21:00:04.197] [INFO] cheese - You can debug your app with http://localhost:3000
[2016-10-30 21:00:12.208] [INFO] cheese - 

Started 2016-10-30T13:00:12.207Z GET / ::1
[2016-10-30 21:00:12.219] [INFO] cheese - Completed 302 undefined
[2016-10-30 21:00:12.221] [INFO] cheese - 

Started 2016-10-30T13:00:12.221Z GET /signup ::1
[2016-10-30 21:00:12.230] [INFO] cheese - Completed 304 undefined
[2016-10-30 21:00:13.976] [INFO] cheese - 

Started 2016-10-30T13:00:13.976Z POST /signup ::1
[2016-10-30 21:00:13.978] [INFO] cheese - body is[object Object]
